02:45:35 INFO  : Launching XSCT server: xsct.bat -n  -interactive D:\Projects\SOC_Projects\Counter_LedSwitch_Zedboard\temp_xsdb_launch_script.tcl
02:45:35 INFO  : Registering command handlers for Vitis TCF services
02:45:38 INFO  : XSCT server has started successfully.
02:45:38 INFO  : plnx-install-location is set to ''
02:45:38 INFO  : Successfully done setting XSCT server connection channel  
02:45:38 INFO  : Successfully done query RDI_DATADIR 
02:45:38 INFO  : Successfully done setting workspace for the tool. 
02:45:39 INFO  : Platform repository initialization has completed.
02:46:35 INFO  : Result from executing command 'getProjects': ZynqSystem_wrapper
02:46:35 INFO  : Result from executing command 'getPlatforms': 
02:46:35 WARN  : An unexpected exception occurred in the module 'platform project logging'
02:46:35 INFO  : Platform 'ZynqSystem_wrapper' is added to custom repositories.
02:46:46 INFO  : Platform 'ZynqSystem_wrapper' is added to custom repositories.
03:06:06 INFO  : Connected to target on host '127.0.0.1' and port '3121'.
03:06:07 INFO  : 'targets -set -filter {jtag_cable_name =~ "Digilent Zed 210248B02087" && level==0 && jtag_device_ctx=="jsn-Zed-210248B02087-23727093-0"}' command is executed.
03:06:09 INFO  : Device configured successfully with "D:/Projects/SOC_Projects/Counter_LedSwitch_Zedboard/Counter_LedSwitch_Zedboard/_ide/bitstream/ZynqSystem_wrapper.bit"
03:06:43 INFO  : Result from executing command 'getProjects': ZynqSystem_wrapper
03:06:43 INFO  : Result from executing command 'getPlatforms': ZynqSystem_wrapper|D:/Projects/SOC_Projects/Counter_LedSwitch_Zedboard/ZynqSystem_wrapper/export/ZynqSystem_wrapper/ZynqSystem_wrapper.xpfm
03:06:43 INFO  : Checking for BSP changes to sync application flags for project 'Counter_LedSwitch_Zedboard'...
03:07:02 INFO  : Connected to target on host '127.0.0.1' and port '3121'.
03:07:02 INFO  : Jtag cable 'Digilent Zed 210248B02087' is selected.
03:07:02 INFO  : 'jtag frequency' command is executed.
03:07:02 INFO  : Context for 'APU' is selected.
03:07:02 INFO  : System reset is completed.
03:07:05 INFO  : 'after 3000' command is executed.
03:07:05 INFO  : 'targets -set -filter {jtag_cable_name =~ "Digilent Zed 210248B02087" && level==0 && jtag_device_ctx=="jsn-Zed-210248B02087-23727093-0"}' command is executed.
03:07:07 INFO  : Device configured successfully with "D:/Projects/SOC_Projects/Counter_LedSwitch_Zedboard/Counter_LedSwitch_Zedboard/_ide/bitstream/ZynqSystem_wrapper.bit"
03:07:07 INFO  : Context for 'APU' is selected.
03:07:08 INFO  : Hardware design and registers information is loaded from 'D:/Projects/SOC_Projects/Counter_LedSwitch_Zedboard/ZynqSystem_wrapper/export/ZynqSystem_wrapper/hw/ZynqSystem_wrapper.xsa'.
03:07:08 INFO  : 'configparams force-mem-access 1' command is executed.
03:07:08 INFO  : Context for 'APU' is selected.
03:07:08 INFO  : Sourcing of 'D:/Projects/SOC_Projects/Counter_LedSwitch_Zedboard/Counter_LedSwitch_Zedboard/_ide/psinit/ps7_init.tcl' is done.
03:07:08 INFO  : 'ps7_init' command is executed.
03:07:08 INFO  : 'ps7_post_config' command is executed.
03:07:08 INFO  : Context for processor 'ps7_cortexa9_0' is selected.
03:07:08 INFO  : The application 'D:/Projects/SOC_Projects/Counter_LedSwitch_Zedboard/Counter_LedSwitch_Zedboard/Debug/Counter_LedSwitch_Zedboard.elf' is downloaded to processor 'ps7_cortexa9_0'.
03:07:08 INFO  : 'configparams force-mem-access 0' command is executed.
03:07:08 INFO  : ----------------XSDB Script----------------
connect -url tcp:127.0.0.1:3121
targets -set -nocase -filter {name =~"APU*"}
rst -system
after 3000
targets -set -filter {jtag_cable_name =~ "Digilent Zed 210248B02087" && level==0 && jtag_device_ctx=="jsn-Zed-210248B02087-23727093-0"}
fpga -file D:/Projects/SOC_Projects/Counter_LedSwitch_Zedboard/Counter_LedSwitch_Zedboard/_ide/bitstream/ZynqSystem_wrapper.bit
targets -set -nocase -filter {name =~"APU*"}
loadhw -hw D:/Projects/SOC_Projects/Counter_LedSwitch_Zedboard/ZynqSystem_wrapper/export/ZynqSystem_wrapper/hw/ZynqSystem_wrapper.xsa -mem-ranges [list {0x40000000 0xbfffffff}] -regs
configparams force-mem-access 1
targets -set -nocase -filter {name =~"APU*"}
source D:/Projects/SOC_Projects/Counter_LedSwitch_Zedboard/Counter_LedSwitch_Zedboard/_ide/psinit/ps7_init.tcl
ps7_init
ps7_post_config
targets -set -nocase -filter {name =~ "*A9*#0"}
dow D:/Projects/SOC_Projects/Counter_LedSwitch_Zedboard/Counter_LedSwitch_Zedboard/Debug/Counter_LedSwitch_Zedboard.elf
configparams force-mem-access 0
----------------End of Script----------------

03:07:08 INFO  : Context for processor 'ps7_cortexa9_0' is selected.
03:07:08 INFO  : 'con' command is executed.
03:07:08 INFO  : ----------------XSDB Script (After Launch)----------------
targets -set -nocase -filter {name =~ "*A9*#0"}
con
----------------End of Script----------------

03:07:08 INFO  : Disconnected from the channel tcfchan#1.
03:10:55 INFO  : Checking for BSP changes to sync application flags for project 'Counter_LedSwitch_Zedboard'...
03:11:07 INFO  : Connected to target on host '127.0.0.1' and port '3121'.
03:11:08 INFO  : Jtag cable 'Digilent Zed 210248B02087' is selected.
03:11:08 INFO  : 'jtag frequency' command is executed.
03:11:08 INFO  : Context for 'APU' is selected.
03:11:08 INFO  : System reset is completed.
03:11:11 INFO  : 'after 3000' command is executed.
03:11:11 INFO  : 'targets -set -filter {jtag_cable_name =~ "Digilent Zed 210248B02087" && level==0 && jtag_device_ctx=="jsn-Zed-210248B02087-23727093-0"}' command is executed.
03:11:13 INFO  : Device configured successfully with "D:/Projects/SOC_Projects/Counter_LedSwitch_Zedboard/Counter_LedSwitch_Zedboard/_ide/bitstream/ZynqSystem_wrapper.bit"
03:11:13 INFO  : Context for 'APU' is selected.
03:11:13 INFO  : Hardware design and registers information is loaded from 'D:/Projects/SOC_Projects/Counter_LedSwitch_Zedboard/ZynqSystem_wrapper/export/ZynqSystem_wrapper/hw/ZynqSystem_wrapper.xsa'.
03:11:13 INFO  : 'configparams force-mem-access 1' command is executed.
03:11:13 INFO  : Context for 'APU' is selected.
03:11:13 INFO  : Sourcing of 'D:/Projects/SOC_Projects/Counter_LedSwitch_Zedboard/Counter_LedSwitch_Zedboard/_ide/psinit/ps7_init.tcl' is done.
03:11:14 INFO  : 'ps7_init' command is executed.
03:11:14 INFO  : 'ps7_post_config' command is executed.
03:11:14 INFO  : Context for processor 'ps7_cortexa9_0' is selected.
03:11:14 INFO  : The application 'D:/Projects/SOC_Projects/Counter_LedSwitch_Zedboard/Counter_LedSwitch_Zedboard/Debug/Counter_LedSwitch_Zedboard.elf' is downloaded to processor 'ps7_cortexa9_0'.
03:11:14 INFO  : 'configparams force-mem-access 0' command is executed.
03:11:14 INFO  : ----------------XSDB Script----------------
connect -url tcp:127.0.0.1:3121
targets -set -nocase -filter {name =~"APU*"}
rst -system
after 3000
targets -set -filter {jtag_cable_name =~ "Digilent Zed 210248B02087" && level==0 && jtag_device_ctx=="jsn-Zed-210248B02087-23727093-0"}
fpga -file D:/Projects/SOC_Projects/Counter_LedSwitch_Zedboard/Counter_LedSwitch_Zedboard/_ide/bitstream/ZynqSystem_wrapper.bit
targets -set -nocase -filter {name =~"APU*"}
loadhw -hw D:/Projects/SOC_Projects/Counter_LedSwitch_Zedboard/ZynqSystem_wrapper/export/ZynqSystem_wrapper/hw/ZynqSystem_wrapper.xsa -mem-ranges [list {0x40000000 0xbfffffff}] -regs
configparams force-mem-access 1
targets -set -nocase -filter {name =~"APU*"}
source D:/Projects/SOC_Projects/Counter_LedSwitch_Zedboard/Counter_LedSwitch_Zedboard/_ide/psinit/ps7_init.tcl
ps7_init
ps7_post_config
targets -set -nocase -filter {name =~ "*A9*#0"}
dow D:/Projects/SOC_Projects/Counter_LedSwitch_Zedboard/Counter_LedSwitch_Zedboard/Debug/Counter_LedSwitch_Zedboard.elf
configparams force-mem-access 0
----------------End of Script----------------

03:11:14 INFO  : Context for processor 'ps7_cortexa9_0' is selected.
03:11:14 INFO  : 'con' command is executed.
03:11:14 INFO  : ----------------XSDB Script (After Launch)----------------
targets -set -nocase -filter {name =~ "*A9*#0"}
con
----------------End of Script----------------

03:11:14 INFO  : Disconnected from the channel tcfchan#3.
03:12:48 INFO  : Checking for BSP changes to sync application flags for project 'Counter_LedSwitch_Zedboard'...
03:13:02 INFO  : Connected to target on host '127.0.0.1' and port '3121'.
03:13:02 INFO  : Jtag cable 'Digilent Zed 210248B02087' is selected.
03:13:02 INFO  : 'jtag frequency' command is executed.
03:13:02 INFO  : Context for 'APU' is selected.
03:13:03 INFO  : System reset is completed.
03:13:06 INFO  : 'after 3000' command is executed.
03:13:06 INFO  : 'targets -set -filter {jtag_cable_name =~ "Digilent Zed 210248B02087" && level==0 && jtag_device_ctx=="jsn-Zed-210248B02087-23727093-0"}' command is executed.
03:13:08 INFO  : Device configured successfully with "D:/Projects/SOC_Projects/Counter_LedSwitch_Zedboard/Counter_LedSwitch_Zedboard/_ide/bitstream/ZynqSystem_wrapper.bit"
03:13:08 INFO  : Context for 'APU' is selected.
03:13:08 INFO  : Hardware design and registers information is loaded from 'D:/Projects/SOC_Projects/Counter_LedSwitch_Zedboard/ZynqSystem_wrapper/export/ZynqSystem_wrapper/hw/ZynqSystem_wrapper.xsa'.
03:13:08 INFO  : 'configparams force-mem-access 1' command is executed.
03:13:08 INFO  : Context for 'APU' is selected.
03:13:08 INFO  : Sourcing of 'D:/Projects/SOC_Projects/Counter_LedSwitch_Zedboard/Counter_LedSwitch_Zedboard/_ide/psinit/ps7_init.tcl' is done.
03:13:09 INFO  : 'ps7_init' command is executed.
03:13:09 INFO  : 'ps7_post_config' command is executed.
03:13:09 INFO  : Context for processor 'ps7_cortexa9_0' is selected.
03:13:09 INFO  : The application 'D:/Projects/SOC_Projects/Counter_LedSwitch_Zedboard/Counter_LedSwitch_Zedboard/Debug/Counter_LedSwitch_Zedboard.elf' is downloaded to processor 'ps7_cortexa9_0'.
03:13:09 INFO  : 'configparams force-mem-access 0' command is executed.
03:13:09 INFO  : ----------------XSDB Script----------------
connect -url tcp:127.0.0.1:3121
targets -set -nocase -filter {name =~"APU*"}
rst -system
after 3000
targets -set -filter {jtag_cable_name =~ "Digilent Zed 210248B02087" && level==0 && jtag_device_ctx=="jsn-Zed-210248B02087-23727093-0"}
fpga -file D:/Projects/SOC_Projects/Counter_LedSwitch_Zedboard/Counter_LedSwitch_Zedboard/_ide/bitstream/ZynqSystem_wrapper.bit
targets -set -nocase -filter {name =~"APU*"}
loadhw -hw D:/Projects/SOC_Projects/Counter_LedSwitch_Zedboard/ZynqSystem_wrapper/export/ZynqSystem_wrapper/hw/ZynqSystem_wrapper.xsa -mem-ranges [list {0x40000000 0xbfffffff}] -regs
configparams force-mem-access 1
targets -set -nocase -filter {name =~"APU*"}
source D:/Projects/SOC_Projects/Counter_LedSwitch_Zedboard/Counter_LedSwitch_Zedboard/_ide/psinit/ps7_init.tcl
ps7_init
ps7_post_config
targets -set -nocase -filter {name =~ "*A9*#0"}
dow D:/Projects/SOC_Projects/Counter_LedSwitch_Zedboard/Counter_LedSwitch_Zedboard/Debug/Counter_LedSwitch_Zedboard.elf
configparams force-mem-access 0
----------------End of Script----------------

03:13:09 INFO  : Context for processor 'ps7_cortexa9_0' is selected.
03:13:09 INFO  : 'con' command is executed.
03:13:09 INFO  : ----------------XSDB Script (After Launch)----------------
targets -set -nocase -filter {name =~ "*A9*#0"}
con
----------------End of Script----------------

03:13:09 INFO  : Disconnected from the channel tcfchan#4.
03:16:51 INFO  : Checking for BSP changes to sync application flags for project 'Counter_LedSwitch_Zedboard'...
03:17:03 INFO  : Checking for BSP changes to sync application flags for project 'Counter_LedSwitch_Zedboard'...
03:17:19 INFO  : Connected to target on host '127.0.0.1' and port '3121'.
03:17:20 INFO  : Jtag cable 'Digilent Zed 210248B02087' is selected.
03:17:20 INFO  : 'jtag frequency' command is executed.
03:17:20 INFO  : Context for 'APU' is selected.
03:17:20 INFO  : System reset is completed.
03:17:23 INFO  : 'after 3000' command is executed.
03:17:23 INFO  : 'targets -set -filter {jtag_cable_name =~ "Digilent Zed 210248B02087" && level==0 && jtag_device_ctx=="jsn-Zed-210248B02087-23727093-0"}' command is executed.
03:17:25 INFO  : Device configured successfully with "D:/Projects/SOC_Projects/Counter_LedSwitch_Zedboard/Counter_LedSwitch_Zedboard/_ide/bitstream/ZynqSystem_wrapper.bit"
03:17:25 INFO  : Context for 'APU' is selected.
03:17:25 INFO  : Hardware design and registers information is loaded from 'D:/Projects/SOC_Projects/Counter_LedSwitch_Zedboard/ZynqSystem_wrapper/export/ZynqSystem_wrapper/hw/ZynqSystem_wrapper.xsa'.
03:17:25 INFO  : 'configparams force-mem-access 1' command is executed.
03:17:25 INFO  : Context for 'APU' is selected.
03:17:25 INFO  : Sourcing of 'D:/Projects/SOC_Projects/Counter_LedSwitch_Zedboard/Counter_LedSwitch_Zedboard/_ide/psinit/ps7_init.tcl' is done.
03:17:26 INFO  : 'ps7_init' command is executed.
03:17:26 INFO  : 'ps7_post_config' command is executed.
03:17:26 INFO  : Context for processor 'ps7_cortexa9_0' is selected.
03:17:26 INFO  : The application 'D:/Projects/SOC_Projects/Counter_LedSwitch_Zedboard/Counter_LedSwitch_Zedboard/Debug/Counter_LedSwitch_Zedboard.elf' is downloaded to processor 'ps7_cortexa9_0'.
03:17:26 INFO  : 'configparams force-mem-access 0' command is executed.
03:17:26 INFO  : ----------------XSDB Script----------------
connect -url tcp:127.0.0.1:3121
targets -set -nocase -filter {name =~"APU*"}
rst -system
after 3000
targets -set -filter {jtag_cable_name =~ "Digilent Zed 210248B02087" && level==0 && jtag_device_ctx=="jsn-Zed-210248B02087-23727093-0"}
fpga -file D:/Projects/SOC_Projects/Counter_LedSwitch_Zedboard/Counter_LedSwitch_Zedboard/_ide/bitstream/ZynqSystem_wrapper.bit
targets -set -nocase -filter {name =~"APU*"}
loadhw -hw D:/Projects/SOC_Projects/Counter_LedSwitch_Zedboard/ZynqSystem_wrapper/export/ZynqSystem_wrapper/hw/ZynqSystem_wrapper.xsa -mem-ranges [list {0x40000000 0xbfffffff}] -regs
configparams force-mem-access 1
targets -set -nocase -filter {name =~"APU*"}
source D:/Projects/SOC_Projects/Counter_LedSwitch_Zedboard/Counter_LedSwitch_Zedboard/_ide/psinit/ps7_init.tcl
ps7_init
ps7_post_config
targets -set -nocase -filter {name =~ "*A9*#0"}
dow D:/Projects/SOC_Projects/Counter_LedSwitch_Zedboard/Counter_LedSwitch_Zedboard/Debug/Counter_LedSwitch_Zedboard.elf
configparams force-mem-access 0
----------------End of Script----------------

03:17:26 INFO  : Context for processor 'ps7_cortexa9_0' is selected.
03:17:26 INFO  : 'con' command is executed.
03:17:26 INFO  : ----------------XSDB Script (After Launch)----------------
targets -set -nocase -filter {name =~ "*A9*#0"}
con
----------------End of Script----------------

03:17:26 INFO  : Disconnected from the channel tcfchan#5.
03:20:34 INFO  : Checking for BSP changes to sync application flags for project 'Counter_LedSwitch_Zedboard'...
03:20:47 INFO  : Connected to target on host '127.0.0.1' and port '3121'.
03:20:48 INFO  : Jtag cable 'Digilent Zed 210248B02087' is selected.
03:20:48 INFO  : 'jtag frequency' command is executed.
03:20:48 INFO  : Context for 'APU' is selected.
03:20:48 INFO  : System reset is completed.
03:20:51 INFO  : 'after 3000' command is executed.
03:20:51 INFO  : 'targets -set -filter {jtag_cable_name =~ "Digilent Zed 210248B02087" && level==0 && jtag_device_ctx=="jsn-Zed-210248B02087-23727093-0"}' command is executed.
03:20:53 INFO  : Device configured successfully with "D:/Projects/SOC_Projects/Counter_LedSwitch_Zedboard/Counter_LedSwitch_Zedboard/_ide/bitstream/ZynqSystem_wrapper.bit"
03:20:54 INFO  : Context for 'APU' is selected.
03:20:54 INFO  : Hardware design and registers information is loaded from 'D:/Projects/SOC_Projects/Counter_LedSwitch_Zedboard/ZynqSystem_wrapper/export/ZynqSystem_wrapper/hw/ZynqSystem_wrapper.xsa'.
03:20:54 INFO  : 'configparams force-mem-access 1' command is executed.
03:20:54 INFO  : Context for 'APU' is selected.
03:20:54 INFO  : Sourcing of 'D:/Projects/SOC_Projects/Counter_LedSwitch_Zedboard/Counter_LedSwitch_Zedboard/_ide/psinit/ps7_init.tcl' is done.
03:20:54 INFO  : 'ps7_init' command is executed.
03:20:54 INFO  : 'ps7_post_config' command is executed.
03:20:54 INFO  : Context for processor 'ps7_cortexa9_0' is selected.
03:20:54 INFO  : The application 'D:/Projects/SOC_Projects/Counter_LedSwitch_Zedboard/Counter_LedSwitch_Zedboard/Debug/Counter_LedSwitch_Zedboard.elf' is downloaded to processor 'ps7_cortexa9_0'.
03:20:54 INFO  : 'configparams force-mem-access 0' command is executed.
03:20:54 INFO  : ----------------XSDB Script----------------
connect -url tcp:127.0.0.1:3121
targets -set -nocase -filter {name =~"APU*"}
rst -system
after 3000
targets -set -filter {jtag_cable_name =~ "Digilent Zed 210248B02087" && level==0 && jtag_device_ctx=="jsn-Zed-210248B02087-23727093-0"}
fpga -file D:/Projects/SOC_Projects/Counter_LedSwitch_Zedboard/Counter_LedSwitch_Zedboard/_ide/bitstream/ZynqSystem_wrapper.bit
targets -set -nocase -filter {name =~"APU*"}
loadhw -hw D:/Projects/SOC_Projects/Counter_LedSwitch_Zedboard/ZynqSystem_wrapper/export/ZynqSystem_wrapper/hw/ZynqSystem_wrapper.xsa -mem-ranges [list {0x40000000 0xbfffffff}] -regs
configparams force-mem-access 1
targets -set -nocase -filter {name =~"APU*"}
source D:/Projects/SOC_Projects/Counter_LedSwitch_Zedboard/Counter_LedSwitch_Zedboard/_ide/psinit/ps7_init.tcl
ps7_init
ps7_post_config
targets -set -nocase -filter {name =~ "*A9*#0"}
dow D:/Projects/SOC_Projects/Counter_LedSwitch_Zedboard/Counter_LedSwitch_Zedboard/Debug/Counter_LedSwitch_Zedboard.elf
configparams force-mem-access 0
----------------End of Script----------------

03:20:54 INFO  : Context for processor 'ps7_cortexa9_0' is selected.
03:20:54 INFO  : 'con' command is executed.
03:20:54 INFO  : ----------------XSDB Script (After Launch)----------------
targets -set -nocase -filter {name =~ "*A9*#0"}
con
----------------End of Script----------------

03:20:54 INFO  : Disconnected from the channel tcfchan#6.
03:52:11 INFO  : Connected to target on host '127.0.0.1' and port '3121'.
03:52:11 INFO  : 'targets -set -filter {jtag_cable_name =~ "Digilent Zed 210248B02087" && level==0 && jtag_device_ctx=="jsn-Zed-210248B02087-23727093-0"}' command is executed.
03:52:14 INFO  : Device configured successfully with "D:/Projects/SOC_Projects/Counter_LedSwitch_Zedboard/Counter_LedSwitch_Zedboard/_ide/bitstream/ZynqSystem_wrapper.bit"
03:52:28 INFO  : Checking for BSP changes to sync application flags for project 'Counter_LedSwitch_Zedboard'...
03:54:53 INFO  : Checking for BSP changes to sync application flags for project 'Counter_LedSwitch_Zedboard'...
03:55:01 INFO  : Connected to target on host '127.0.0.1' and port '3121'.
03:55:01 INFO  : Jtag cable 'Digilent Zed 210248B02087' is selected.
03:55:01 INFO  : 'jtag frequency' command is executed.
03:55:01 INFO  : Context for 'APU' is selected.
03:55:01 INFO  : System reset is completed.
03:55:04 INFO  : 'after 3000' command is executed.
03:55:04 INFO  : 'targets -set -filter {jtag_cable_name =~ "Digilent Zed 210248B02087" && level==0 && jtag_device_ctx=="jsn-Zed-210248B02087-23727093-0"}' command is executed.
03:55:07 INFO  : Device configured successfully with "D:/Projects/SOC_Projects/Counter_LedSwitch_Zedboard/Counter_LedSwitch_Zedboard/_ide/bitstream/ZynqSystem_wrapper.bit"
03:55:07 INFO  : Context for 'APU' is selected.
03:55:07 INFO  : Hardware design and registers information is loaded from 'D:/Projects/SOC_Projects/Counter_LedSwitch_Zedboard/ZynqSystem_wrapper/export/ZynqSystem_wrapper/hw/ZynqSystem_wrapper.xsa'.
03:55:07 INFO  : 'configparams force-mem-access 1' command is executed.
03:55:07 INFO  : Context for 'APU' is selected.
03:55:07 INFO  : Sourcing of 'D:/Projects/SOC_Projects/Counter_LedSwitch_Zedboard/Counter_LedSwitch_Zedboard/_ide/psinit/ps7_init.tcl' is done.
03:55:07 INFO  : 'ps7_init' command is executed.
03:55:07 INFO  : 'ps7_post_config' command is executed.
03:55:07 INFO  : Context for processor 'ps7_cortexa9_0' is selected.
03:55:07 INFO  : The application 'D:/Projects/SOC_Projects/Counter_LedSwitch_Zedboard/Counter_LedSwitch_Zedboard/Debug/Counter_LedSwitch_Zedboard.elf' is downloaded to processor 'ps7_cortexa9_0'.
03:55:07 INFO  : 'configparams force-mem-access 0' command is executed.
03:55:07 INFO  : ----------------XSDB Script----------------
connect -url tcp:127.0.0.1:3121
targets -set -nocase -filter {name =~"APU*"}
rst -system
after 3000
targets -set -filter {jtag_cable_name =~ "Digilent Zed 210248B02087" && level==0 && jtag_device_ctx=="jsn-Zed-210248B02087-23727093-0"}
fpga -file D:/Projects/SOC_Projects/Counter_LedSwitch_Zedboard/Counter_LedSwitch_Zedboard/_ide/bitstream/ZynqSystem_wrapper.bit
targets -set -nocase -filter {name =~"APU*"}
loadhw -hw D:/Projects/SOC_Projects/Counter_LedSwitch_Zedboard/ZynqSystem_wrapper/export/ZynqSystem_wrapper/hw/ZynqSystem_wrapper.xsa -mem-ranges [list {0x40000000 0xbfffffff}] -regs
configparams force-mem-access 1
targets -set -nocase -filter {name =~"APU*"}
source D:/Projects/SOC_Projects/Counter_LedSwitch_Zedboard/Counter_LedSwitch_Zedboard/_ide/psinit/ps7_init.tcl
ps7_init
ps7_post_config
targets -set -nocase -filter {name =~ "*A9*#0"}
dow D:/Projects/SOC_Projects/Counter_LedSwitch_Zedboard/Counter_LedSwitch_Zedboard/Debug/Counter_LedSwitch_Zedboard.elf
configparams force-mem-access 0
----------------End of Script----------------

03:55:07 INFO  : Context for processor 'ps7_cortexa9_0' is selected.
03:55:07 INFO  : 'con' command is executed.
03:55:07 INFO  : ----------------XSDB Script (After Launch)----------------
targets -set -nocase -filter {name =~ "*A9*#0"}
con
----------------End of Script----------------

03:55:07 INFO  : Disconnected from the channel tcfchan#7.
03:59:13 INFO  : Checking for BSP changes to sync application flags for project 'Counter_LedSwitch_Zedboard'...
04:10:54 INFO  : Checking for BSP changes to sync application flags for project 'Counter_LedSwitch_Zedboard'...
04:11:43 INFO  : Checking for BSP changes to sync application flags for project 'Counter_LedSwitch_Zedboard'...
04:12:10 INFO  : Checking for BSP changes to sync application flags for project 'Counter_LedSwitch_Zedboard'...
04:12:19 INFO  : Connected to target on host '127.0.0.1' and port '3121'.
04:12:20 INFO  : Jtag cable 'Digilent Zed 210248B02087' is selected.
04:12:20 INFO  : 'jtag frequency' command is executed.
04:12:20 INFO  : Context for 'APU' is selected.
04:12:20 INFO  : System reset is completed.
04:12:23 INFO  : 'after 3000' command is executed.
04:12:23 INFO  : 'targets -set -filter {jtag_cable_name =~ "Digilent Zed 210248B02087" && level==0 && jtag_device_ctx=="jsn-Zed-210248B02087-23727093-0"}' command is executed.
04:12:25 INFO  : Device configured successfully with "D:/Projects/SOC_Projects/Counter_LedSwitch_Zedboard/Counter_LedSwitch_Zedboard/_ide/bitstream/ZynqSystem_wrapper.bit"
04:12:25 INFO  : Context for 'APU' is selected.
04:12:25 INFO  : Hardware design and registers information is loaded from 'D:/Projects/SOC_Projects/Counter_LedSwitch_Zedboard/ZynqSystem_wrapper/export/ZynqSystem_wrapper/hw/ZynqSystem_wrapper.xsa'.
04:12:25 INFO  : 'configparams force-mem-access 1' command is executed.
04:12:25 INFO  : Context for 'APU' is selected.
04:12:25 INFO  : Sourcing of 'D:/Projects/SOC_Projects/Counter_LedSwitch_Zedboard/Counter_LedSwitch_Zedboard/_ide/psinit/ps7_init.tcl' is done.
04:12:26 INFO  : 'ps7_init' command is executed.
04:12:26 INFO  : 'ps7_post_config' command is executed.
04:12:26 INFO  : Context for processor 'ps7_cortexa9_0' is selected.
04:12:26 INFO  : The application 'D:/Projects/SOC_Projects/Counter_LedSwitch_Zedboard/Counter_LedSwitch_Zedboard/Debug/Counter_LedSwitch_Zedboard.elf' is downloaded to processor 'ps7_cortexa9_0'.
04:12:26 INFO  : 'configparams force-mem-access 0' command is executed.
04:12:26 INFO  : ----------------XSDB Script----------------
connect -url tcp:127.0.0.1:3121
targets -set -nocase -filter {name =~"APU*"}
rst -system
after 3000
targets -set -filter {jtag_cable_name =~ "Digilent Zed 210248B02087" && level==0 && jtag_device_ctx=="jsn-Zed-210248B02087-23727093-0"}
fpga -file D:/Projects/SOC_Projects/Counter_LedSwitch_Zedboard/Counter_LedSwitch_Zedboard/_ide/bitstream/ZynqSystem_wrapper.bit
targets -set -nocase -filter {name =~"APU*"}
loadhw -hw D:/Projects/SOC_Projects/Counter_LedSwitch_Zedboard/ZynqSystem_wrapper/export/ZynqSystem_wrapper/hw/ZynqSystem_wrapper.xsa -mem-ranges [list {0x40000000 0xbfffffff}] -regs
configparams force-mem-access 1
targets -set -nocase -filter {name =~"APU*"}
source D:/Projects/SOC_Projects/Counter_LedSwitch_Zedboard/Counter_LedSwitch_Zedboard/_ide/psinit/ps7_init.tcl
ps7_init
ps7_post_config
targets -set -nocase -filter {name =~ "*A9*#0"}
dow D:/Projects/SOC_Projects/Counter_LedSwitch_Zedboard/Counter_LedSwitch_Zedboard/Debug/Counter_LedSwitch_Zedboard.elf
configparams force-mem-access 0
----------------End of Script----------------

04:12:26 INFO  : Context for processor 'ps7_cortexa9_0' is selected.
04:12:26 INFO  : 'con' command is executed.
04:12:26 INFO  : ----------------XSDB Script (After Launch)----------------
targets -set -nocase -filter {name =~ "*A9*#0"}
con
----------------End of Script----------------

04:12:26 INFO  : Disconnected from the channel tcfchan#8.
04:16:19 INFO  : Checking for BSP changes to sync application flags for project 'Counter_LedSwitch_Zedboard'...
04:16:28 INFO  : Connected to target on host '127.0.0.1' and port '3121'.
04:16:28 INFO  : Jtag cable 'Digilent Zed 210248B02087' is selected.
04:16:28 INFO  : 'jtag frequency' command is executed.
04:16:28 INFO  : Context for 'APU' is selected.
04:16:28 INFO  : System reset is completed.
04:16:31 INFO  : 'after 3000' command is executed.
04:16:31 INFO  : 'targets -set -filter {jtag_cable_name =~ "Digilent Zed 210248B02087" && level==0 && jtag_device_ctx=="jsn-Zed-210248B02087-23727093-0"}' command is executed.
04:16:34 INFO  : Device configured successfully with "D:/Projects/SOC_Projects/Counter_LedSwitch_Zedboard/Counter_LedSwitch_Zedboard/_ide/bitstream/ZynqSystem_wrapper.bit"
04:16:34 INFO  : Context for 'APU' is selected.
04:16:34 INFO  : Hardware design and registers information is loaded from 'D:/Projects/SOC_Projects/Counter_LedSwitch_Zedboard/ZynqSystem_wrapper/export/ZynqSystem_wrapper/hw/ZynqSystem_wrapper.xsa'.
04:16:34 INFO  : 'configparams force-mem-access 1' command is executed.
04:16:34 INFO  : Context for 'APU' is selected.
04:16:34 INFO  : Sourcing of 'D:/Projects/SOC_Projects/Counter_LedSwitch_Zedboard/Counter_LedSwitch_Zedboard/_ide/psinit/ps7_init.tcl' is done.
04:16:34 INFO  : 'ps7_init' command is executed.
04:16:34 INFO  : 'ps7_post_config' command is executed.
04:16:34 INFO  : Context for processor 'ps7_cortexa9_0' is selected.
04:16:34 INFO  : The application 'D:/Projects/SOC_Projects/Counter_LedSwitch_Zedboard/Counter_LedSwitch_Zedboard/Debug/Counter_LedSwitch_Zedboard.elf' is downloaded to processor 'ps7_cortexa9_0'.
04:16:34 INFO  : 'configparams force-mem-access 0' command is executed.
04:16:34 INFO  : ----------------XSDB Script----------------
connect -url tcp:127.0.0.1:3121
targets -set -nocase -filter {name =~"APU*"}
rst -system
after 3000
targets -set -filter {jtag_cable_name =~ "Digilent Zed 210248B02087" && level==0 && jtag_device_ctx=="jsn-Zed-210248B02087-23727093-0"}
fpga -file D:/Projects/SOC_Projects/Counter_LedSwitch_Zedboard/Counter_LedSwitch_Zedboard/_ide/bitstream/ZynqSystem_wrapper.bit
targets -set -nocase -filter {name =~"APU*"}
loadhw -hw D:/Projects/SOC_Projects/Counter_LedSwitch_Zedboard/ZynqSystem_wrapper/export/ZynqSystem_wrapper/hw/ZynqSystem_wrapper.xsa -mem-ranges [list {0x40000000 0xbfffffff}] -regs
configparams force-mem-access 1
targets -set -nocase -filter {name =~"APU*"}
source D:/Projects/SOC_Projects/Counter_LedSwitch_Zedboard/Counter_LedSwitch_Zedboard/_ide/psinit/ps7_init.tcl
ps7_init
ps7_post_config
targets -set -nocase -filter {name =~ "*A9*#0"}
dow D:/Projects/SOC_Projects/Counter_LedSwitch_Zedboard/Counter_LedSwitch_Zedboard/Debug/Counter_LedSwitch_Zedboard.elf
configparams force-mem-access 0
----------------End of Script----------------

04:16:34 INFO  : Context for processor 'ps7_cortexa9_0' is selected.
04:16:34 INFO  : 'con' command is executed.
04:16:34 INFO  : ----------------XSDB Script (After Launch)----------------
targets -set -nocase -filter {name =~ "*A9*#0"}
con
----------------End of Script----------------

04:16:34 INFO  : Disconnected from the channel tcfchan#9.
14:26:33 INFO  : Launching XSCT server: xsct.bat -n  -interactive D:\Projects\SOC_Projects\Counter_LedSwitch_Zedboard\temp_xsdb_launch_script.tcl
14:26:38 INFO  : XSCT server has started successfully.
14:26:38 INFO  : plnx-install-location is set to ''
14:26:38 INFO  : Successfully done setting XSCT server connection channel  
14:26:38 INFO  : Successfully done setting workspace for the tool. 
14:26:44 INFO  : Platform repository initialization has completed.
14:26:45 INFO  : Registering command handlers for Vitis TCF services
14:26:51 INFO  : Successfully done query RDI_DATADIR 
14:51:07 INFO  : Checking for BSP changes to sync application flags for project 'Counter_LedSwitch_Zedboard'...
15:01:53 INFO  : Launching XSCT server: xsct.bat -n  -interactive D:\Projects\SOC_Projects\Counter_LedSwitch_Zedboard\temp_xsdb_launch_script.tcl
15:01:56 INFO  : XSCT server has started successfully.
15:01:56 INFO  : plnx-install-location is set to ''
15:01:56 INFO  : Successfully done setting XSCT server connection channel  
15:01:56 INFO  : Successfully done setting workspace for the tool. 
15:01:59 INFO  : Platform repository initialization has completed.
15:01:59 INFO  : Successfully done query RDI_DATADIR 
15:02:00 INFO  : Registering command handlers for Vitis TCF services
15:02:38 INFO  : Checking for BSP changes to sync application flags for project 'Counter_LedSwitch_Zedboard'...
15:59:22 INFO  : Launching XSCT server: xsct.bat -n  -interactive D:\Projects\SOC_Projects\Counter_LedSwitch_Zedboard\temp_xsdb_launch_script.tcl
15:59:24 INFO  : XSCT server has started successfully.
15:59:24 INFO  : plnx-install-location is set to ''
15:59:24 INFO  : Successfully done setting XSCT server connection channel  
15:59:24 INFO  : Successfully done setting workspace for the tool. 
15:59:28 INFO  : Platform repository initialization has completed.
15:59:28 INFO  : Successfully done query RDI_DATADIR 
15:59:29 INFO  : Registering command handlers for Vitis TCF services
20:21:38 INFO  : Launching XSCT server: xsct.bat -n  -interactive D:\Projects\SOC_Projects\Counter_LedSwitch_Zedboard\temp_xsdb_launch_script.tcl
20:21:42 INFO  : XSCT server has started successfully.
20:21:42 INFO  : Successfully done setting XSCT server connection channel  
20:21:42 INFO  : plnx-install-location is set to ''
20:21:42 INFO  : Successfully done setting workspace for the tool. 
20:21:50 INFO  : Platform repository initialization has completed.
20:21:50 INFO  : Registering command handlers for Vitis TCF services
20:21:56 INFO  : Successfully done query RDI_DATADIR 
22:31:16 INFO  : Launching XSCT server: xsct.bat -n  -interactive D:\Projects\SOC_Projects\Counter_LedSwitch_Zedboard\temp_xsdb_launch_script.tcl
22:31:19 INFO  : XSCT server has started successfully.
22:31:19 INFO  : plnx-install-location is set to ''
22:31:19 INFO  : Successfully done setting XSCT server connection channel  
22:31:19 INFO  : Successfully done setting workspace for the tool. 
22:31:21 INFO  : Platform repository initialization has completed.
22:31:22 INFO  : Successfully done query RDI_DATADIR 
22:31:22 INFO  : Registering command handlers for Vitis TCF services
